<?xml version="1.0" encoding="UTF-8"?>
<!-- Generated by org.testng.reporters.JUnitXMLReporter -->
<testsuite hostname="MyDellLaptop" ignored="0" name="Test" tests="2" failures="0" timestamp="26 Jun 2018 02:05:33 GMT" time="157.708" errors="0">
  <testcase name="@BeforeMethod setup" time="157.603" classname="com.qaclickacademy.tests.HomeTest">
    <failure type="java.lang.NullPointerException">
      <![CDATA[java.lang.NullPointerException
at org.openqa.selenium.support.events.EventFiringWebDriver.extractInterfaces(EventFiringWebDriver.java:118)
at org.openqa.selenium.support.events.EventFiringWebDriver.access$300(EventFiringWebDriver.java:67)
at org.openqa.selenium.support.events.EventFiringWebDriver$EventFiringWebElement.<init>(EventFiringWebDriver.java:365)
at org.openqa.selenium.support.events.EventFiringWebDriver$EventFiringWebElement.<init>(EventFiringWebDriver.java:357)
at org.openqa.selenium.support.events.EventFiringWebDriver.createWebElement(EventFiringWebDriver.java:308)
at org.openqa.selenium.support.events.EventFiringWebDriver.findElement(EventFiringWebDriver.java:188)
at org.openqa.selenium.support.pagefactory.DefaultElementLocator.findElement(DefaultElementLocator.java:69)
at org.openqa.selenium.support.pagefactory.internal.LocatingElementHandler.invoke(LocatingElementHandler.java:38)
at com.sun.proxy.$Proxy11.click(Unknown Source)
at com.qaclickacademy.pages.Homepage.clickNoThanksbtn(Homepage.java:33)
at com.qaclickacademy.tests.HomeTest.setup(HomeTest.java:29)
... Removed 28 stack frames]]>
    </failure>
  </testcase> <!-- @BeforeMethod setup -->
  <testcase name="@AfterMethod teardown" time="0.0" classname="com.qaclickacademy.tests.HomeTest">
    <skipped/>
  </testcase> <!-- @AfterMethod teardown -->
  <testcase name="@BeforeMethod setup" time="0.0" classname="com.qaclickacademy.tests.HomeTest">
    <skipped/>
  </testcase> <!-- @BeforeMethod setup -->
  <testcase name="@AfterMethod teardown" time="0.0" classname="com.qaclickacademy.tests.HomeTest">
    <skipped/>
  </testcase> <!-- @AfterMethod teardown -->
  <testcase name="clickLoginbtnTest" time="0.0" classname="com.qaclickacademy.tests.HomeTest">
    <skipped/>
  </testcase> <!-- clickLoginbtnTest -->
  <testcase name="clickPracticeLinkTest" time="0.0" classname="com.qaclickacademy.tests.HomeTest">
    <skipped/>
  </testcase> <!-- clickPracticeLinkTest -->
</testsuite> <!-- Test -->
