<?xml version="1.0" encoding="UTF-8"?>
<testsuite xmlns:xsi="http://www.w3.org/2001/XMLSchema-instance" xsi:noNamespaceSchemaLocation="https://maven.apache.org/surefire/maven-surefire-plugin/xsd/surefire-test-report.xsd" name="TestSuite" time="256.332" tests="4" errors="0" skipped="3" failures="1">
  <properties>
[...]
</properties>
  <testcase name="InvalidLoginTest" classname="com.qaclickacademy.tests.LoginTest" time="0">
    <skipped message="invalid selector: Unable to locate an element with the xpath expression //div[contains(text(),&apos;Invalid&apos;]) because of the following error:&#10;SyntaxError: Failed to execute &apos;evaluate&apos; on &apos;Document&apos;: The string &apos;//div[contains(text(),&apos;Invalid&apos;])&apos; is not a valid XPath expression.&#10;  (Session info: chrome=66.0.3359.139)&#10;  (Driver info: chromedriver=2.36.540470 (e522d04694c7ebea4ba8821272dbef4f9b818c91),platform=Windows NT 6.2.9200 x86_64) (WARNING: The server did not provide any stacktrace information)&#10;Command duration or timeout: 0 milliseconds&#10;For documentation on this error, please visit: http://seleniumhq.org/exceptions/invalid_selector_exception.html&#10;Build info: version: &apos;3.12.0&apos;, revision: &apos;7c6e0b3&apos;, time: &apos;2018-05-08T14:04:26.12Z&apos;&#10;System info: host: &apos;MYDELLLAPTOP&apos;, ip: &apos;192.168.43.83&apos;, os.name: &apos;Windows 8&apos;, os.arch: &apos;amd64&apos;, os.version: &apos;6.2&apos;, java.version: &apos;1.8.0_112&apos;&#10;Driver info: org.openqa.selenium.chrome.ChromeDriver&#10;Capabilities {acceptInsecureCerts: false, acceptSslCerts: false, applicationCacheEnabled: false, browserConnectionEnabled: false, browserName: chrome, chrome: {chromedriverVersion: 2.36.540470 (e522d04694c7eb..., userDataDir: C:\Users\Nilesh\AppData\Loc...}, cssSelectorsEnabled: true, databaseEnabled: false, handlesAlerts: true, hasTouchScreen: false, javascriptEnabled: true, locationContextEnabled: true, mobileEmulationEnabled: false, nativeEvents: true, networkConnectionEnabled: false, pageLoadStrategy: normal, platform: XP, platformName: XP, rotatable: false, setWindowRect: true, takesHeapSnapshot: true, takesScreenshot: true, unexpectedAlertBehaviour: , unhandledPromptBehavior: , version: 66.0.3359.139, webStorageEnabled: true}&#10;Session ID: 4d5cf1b3eb041481d8a182bd1678662c&#10;*** Element info: {Using=xpath, value=//div[contains(text(),&apos;Invalid&apos;])}"/>
    <system-out><![CDATA[Before navigating to: 'http://www.qaclickacademy.com/'
Navigated to:'http://www.qaclickacademy.com/'
Trying to find Element By : By.xpath: //*[@id='homepage']/div[5]/div[2]/div/div/div/span/div/div[6]/div/div/button
Found Element By : By.xpath: //*[@id='homepage']/div[5]/div[2]/div/div/div/span/div/div[6]/div/div/button
Trying to click on: [[ChromeDriver: chrome on XP (4d5cf1b3eb041481d8a182bd1678662c)] -> xpath: //*[@id='homepage']/div[5]/div[2]/div/div/div/span/div/div[6]/div/div/button]
Clicked on: [[ChromeDriver: chrome on XP (4d5cf1b3eb041481d8a182bd1678662c)] -> xpath: //*[@id='homepage']/div[5]/div[2]/div/div/div/span/div/div[6]/div/div/button]
Trying to find Element By : By.xpath: //span[contains(text(),'Login')]
Found Element By : By.xpath: //span[contains(text(),'Login')]
Trying to click on: [[ChromeDriver: chrome on XP (4d5cf1b3eb041481d8a182bd1678662c)] -> xpath: //span[contains(text(),'Login')]]
Clicked on: [[ChromeDriver: chrome on XP (4d5cf1b3eb041481d8a182bd1678662c)] -> xpath: //span[contains(text(),'Login')]]
Trying to find Element By : By.id: user_email
Found Element By : By.id: user_email
Trying to find Element By : By.id: user_password
Found Element By : By.id: user_password
Trying to find Element By : By.xpath: //input[@type='submit']
Found Element By : By.xpath: //input[@type='submit']
Trying to click on: [[ChromeDriver: chrome on XP (4d5cf1b3eb041481d8a182bd1678662c)] -> xpath: //input[@type='submit']]
Clicked on: [[ChromeDriver: chrome on XP (4d5cf1b3eb041481d8a182bd1678662c)] -> xpath: //input[@type='submit']]
Trying to find Element By : By.xpath: //div[contains(text(),'Invalid'])
Exception occured: org.openqa.selenium.InvalidSelectorException: invalid selector: Unable to locate an element with the xpath expression //div[contains(text(),'Invalid']) because of the following error:
SyntaxError: Failed to execute 'evaluate' on 'Document': The string '//div[contains(text(),'Invalid'])' is not a valid XPath expression.
  (Session info: chrome=66.0.3359.139)
  (Driver info: chromedriver=2.36.540470 (e522d04694c7ebea4ba8821272dbef4f9b818c91),platform=Windows NT 6.2.9200 x86_64) (WARNING: The server did not provide any stacktrace information)
Command duration or timeout: 0 milliseconds
For documentation on this error, please visit: http://seleniumhq.org/exceptions/invalid_selector_exception.html
Build info: version: '3.12.0', revision: '7c6e0b3', time: '2018-05-08T14:04:26.12Z'
System info: host: 'MYDELLLAPTOP', ip: '192.168.43.83', os.name: 'Windows 8', os.arch: 'amd64', os.version: '6.2', java.version: '1.8.0_112'
Driver info: org.openqa.selenium.chrome.ChromeDriver
Capabilities {acceptInsecureCerts: false, acceptSslCerts: false, applicationCacheEnabled: false, browserConnectionEnabled: false, browserName: chrome, chrome: {chromedriverVersion: 2.36.540470 (e522d04694c7eb..., userDataDir: C:\Users\Nilesh\AppData\Loc...}, cssSelectorsEnabled: true, databaseEnabled: false, handlesAlerts: true, hasTouchScreen: false, javascriptEnabled: true, locationContextEnabled: true, mobileEmulationEnabled: false, nativeEvents: true, networkConnectionEnabled: false, pageLoadStrategy: normal, platform: XP, platformName: XP, rotatable: false, setWindowRect: true, takesHeapSnapshot: true, takesScreenshot: true, unexpectedAlertBehaviour: , unhandledPromptBehavior: , version: 66.0.3359.139, webStorageEnabled: true}
Session ID: 4d5cf1b3eb041481d8a182bd1678662c
*** Element info: {Using=xpath, value=//div[contains(text(),'Invalid'])}
]]></system-out>
    <system-err><![CDATA[Starting ChromeDriver 2.36.540470 (e522d04694c7ebea4ba8821272dbef4f9b818c91) on port 14224
Only local connections are allowed.
Jul 04, 2018 9:06:07 AM org.openqa.selenium.remote.ProtocolHandshake createSession
INFO: Detected dialect: OSS
]]></system-err>
  </testcase>
  <testcase name="InvalidLoginTest" classname="com.qaclickacademy.tests.LoginTest" time="0">
    <skipped message="invalid selector: Unable to locate an element with the xpath expression //div[contains(text(),&apos;Invalid&apos;]) because of the following error:&#10;SyntaxError: Failed to execute &apos;evaluate&apos; on &apos;Document&apos;: The string &apos;//div[contains(text(),&apos;Invalid&apos;])&apos; is not a valid XPath expression.&#10;  (Session info: chrome=66.0.3359.139)&#10;  (Driver info: chromedriver=2.36.540470 (e522d04694c7ebea4ba8821272dbef4f9b818c91),platform=Windows NT 6.2.9200 x86_64) (WARNING: The server did not provide any stacktrace information)&#10;Command duration or timeout: 0 milliseconds&#10;For documentation on this error, please visit: http://seleniumhq.org/exceptions/invalid_selector_exception.html&#10;Build info: version: &apos;3.12.0&apos;, revision: &apos;7c6e0b3&apos;, time: &apos;2018-05-08T14:04:26.12Z&apos;&#10;System info: host: &apos;MYDELLLAPTOP&apos;, ip: &apos;192.168.43.83&apos;, os.name: &apos;Windows 8&apos;, os.arch: &apos;amd64&apos;, os.version: &apos;6.2&apos;, java.version: &apos;1.8.0_112&apos;&#10;Driver info: org.openqa.selenium.chrome.ChromeDriver&#10;Capabilities {acceptInsecureCerts: false, acceptSslCerts: false, applicationCacheEnabled: false, browserConnectionEnabled: false, browserName: chrome, chrome: {chromedriverVersion: 2.36.540470 (e522d04694c7eb..., userDataDir: C:\Users\Nilesh\AppData\Loc...}, cssSelectorsEnabled: true, databaseEnabled: false, handlesAlerts: true, hasTouchScreen: false, javascriptEnabled: true, locationContextEnabled: true, mobileEmulationEnabled: false, nativeEvents: true, networkConnectionEnabled: false, pageLoadStrategy: normal, platform: XP, platformName: XP, rotatable: false, setWindowRect: true, takesHeapSnapshot: true, takesScreenshot: true, unexpectedAlertBehaviour: , unhandledPromptBehavior: , version: 66.0.3359.139, webStorageEnabled: true}&#10;Session ID: c8b4235632a7aa1bf40767ef68249ff0&#10;*** Element info: {Using=xpath, value=//div[contains(text(),&apos;Invalid&apos;])}"/>
    <system-out><![CDATA[Before navigating to: 'http://www.qaclickacademy.com/'
Navigated to:'http://www.qaclickacademy.com/'
Trying to find Element By : By.xpath: //*[@id='homepage']/div[5]/div[2]/div/div/div/span/div/div[6]/div/div/button
Found Element By : By.xpath: //*[@id='homepage']/div[5]/div[2]/div/div/div/span/div/div[6]/div/div/button
Trying to click on: [[ChromeDriver: chrome on XP (c8b4235632a7aa1bf40767ef68249ff0)] -> xpath: //*[@id='homepage']/div[5]/div[2]/div/div/div/span/div/div[6]/div/div/button]
Clicked on: [[ChromeDriver: chrome on XP (c8b4235632a7aa1bf40767ef68249ff0)] -> xpath: //*[@id='homepage']/div[5]/div[2]/div/div/div/span/div/div[6]/div/div/button]
Trying to find Element By : By.xpath: //span[contains(text(),'Login')]
Found Element By : By.xpath: //span[contains(text(),'Login')]
Trying to click on: [[ChromeDriver: chrome on XP (c8b4235632a7aa1bf40767ef68249ff0)] -> xpath: //span[contains(text(),'Login')]]
Clicked on: [[ChromeDriver: chrome on XP (c8b4235632a7aa1bf40767ef68249ff0)] -> xpath: //span[contains(text(),'Login')]]
Trying to find Element By : By.id: user_email
Found Element By : By.id: user_email
Trying to find Element By : By.id: user_password
Found Element By : By.id: user_password
Trying to find Element By : By.xpath: //input[@type='submit']
Found Element By : By.xpath: //input[@type='submit']
Trying to click on: [[ChromeDriver: chrome on XP (c8b4235632a7aa1bf40767ef68249ff0)] -> xpath: //input[@type='submit']]
Clicked on: [[ChromeDriver: chrome on XP (c8b4235632a7aa1bf40767ef68249ff0)] -> xpath: //input[@type='submit']]
Trying to find Element By : By.xpath: //div[contains(text(),'Invalid'])
Exception occured: org.openqa.selenium.InvalidSelectorException: invalid selector: Unable to locate an element with the xpath expression //div[contains(text(),'Invalid']) because of the following error:
SyntaxError: Failed to execute 'evaluate' on 'Document': The string '//div[contains(text(),'Invalid'])' is not a valid XPath expression.
  (Session info: chrome=66.0.3359.139)
  (Driver info: chromedriver=2.36.540470 (e522d04694c7ebea4ba8821272dbef4f9b818c91),platform=Windows NT 6.2.9200 x86_64) (WARNING: The server did not provide any stacktrace information)
Command duration or timeout: 0 milliseconds
For documentation on this error, please visit: http://seleniumhq.org/exceptions/invalid_selector_exception.html
Build info: version: '3.12.0', revision: '7c6e0b3', time: '2018-05-08T14:04:26.12Z'
System info: host: 'MYDELLLAPTOP', ip: '192.168.43.83', os.name: 'Windows 8', os.arch: 'amd64', os.version: '6.2', java.version: '1.8.0_112'
Driver info: org.openqa.selenium.chrome.ChromeDriver
Capabilities {acceptInsecureCerts: false, acceptSslCerts: false, applicationCacheEnabled: false, browserConnectionEnabled: false, browserName: chrome, chrome: {chromedriverVersion: 2.36.540470 (e522d04694c7eb..., userDataDir: C:\Users\Nilesh\AppData\Loc...}, cssSelectorsEnabled: true, databaseEnabled: false, handlesAlerts: true, hasTouchScreen: false, javascriptEnabled: true, locationContextEnabled: true, mobileEmulationEnabled: false, nativeEvents: true, networkConnectionEnabled: false, pageLoadStrategy: normal, platform: XP, platformName: XP, rotatable: false, setWindowRect: true, takesHeapSnapshot: true, takesScreenshot: true, unexpectedAlertBehaviour: , unhandledPromptBehavior: , version: 66.0.3359.139, webStorageEnabled: true}
Session ID: c8b4235632a7aa1bf40767ef68249ff0
*** Element info: {Using=xpath, value=//div[contains(text(),'Invalid'])}
]]></system-out>
    <system-err><![CDATA[Starting ChromeDriver 2.36.540470 (e522d04694c7ebea4ba8821272dbef4f9b818c91) on port 19071
Only local connections are allowed.
Jul 04, 2018 9:08:09 AM org.openqa.selenium.remote.ProtocolHandshake createSession
INFO: Detected dialect: OSS
]]></system-err>
  </testcase>
  <testcase name="InvalidLoginTest" classname="com.qaclickacademy.tests.LoginTest" time="0">
    <skipped message="invalid selector: Unable to locate an element with the xpath expression //div[contains(text(),&apos;Invalid&apos;]) because of the following error:&#10;SyntaxError: Failed to execute &apos;evaluate&apos; on &apos;Document&apos;: The string &apos;//div[contains(text(),&apos;Invalid&apos;])&apos; is not a valid XPath expression.&#10;  (Session info: chrome=66.0.3359.139)&#10;  (Driver info: chromedriver=2.36.540470 (e522d04694c7ebea4ba8821272dbef4f9b818c91),platform=Windows NT 6.2.9200 x86_64) (WARNING: The server did not provide any stacktrace information)&#10;Command duration or timeout: 0 milliseconds&#10;For documentation on this error, please visit: http://seleniumhq.org/exceptions/invalid_selector_exception.html&#10;Build info: version: &apos;3.12.0&apos;, revision: &apos;7c6e0b3&apos;, time: &apos;2018-05-08T14:04:26.12Z&apos;&#10;System info: host: &apos;MYDELLLAPTOP&apos;, ip: &apos;192.168.43.83&apos;, os.name: &apos;Windows 8&apos;, os.arch: &apos;amd64&apos;, os.version: &apos;6.2&apos;, java.version: &apos;1.8.0_112&apos;&#10;Driver info: org.openqa.selenium.chrome.ChromeDriver&#10;Capabilities {acceptInsecureCerts: false, acceptSslCerts: false, applicationCacheEnabled: false, browserConnectionEnabled: false, browserName: chrome, chrome: {chromedriverVersion: 2.36.540470 (e522d04694c7eb..., userDataDir: C:\Users\Nilesh\AppData\Loc...}, cssSelectorsEnabled: true, databaseEnabled: false, handlesAlerts: true, hasTouchScreen: false, javascriptEnabled: true, locationContextEnabled: true, mobileEmulationEnabled: false, nativeEvents: true, networkConnectionEnabled: false, pageLoadStrategy: normal, platform: XP, platformName: XP, rotatable: false, setWindowRect: true, takesHeapSnapshot: true, takesScreenshot: true, unexpectedAlertBehaviour: , unhandledPromptBehavior: , version: 66.0.3359.139, webStorageEnabled: true}&#10;Session ID: e52f94fccb229c8ca1e95a3426e42f8d&#10;*** Element info: {Using=xpath, value=//div[contains(text(),&apos;Invalid&apos;])}"/>
    <system-out><![CDATA[Before navigating to: 'http://www.qaclickacademy.com/'
Navigated to:'http://www.qaclickacademy.com/'
Trying to find Element By : By.xpath: //*[@id='homepage']/div[5]/div[2]/div/div/div/span/div/div[6]/div/div/button
Found Element By : By.xpath: //*[@id='homepage']/div[5]/div[2]/div/div/div/span/div/div[6]/div/div/button
Trying to click on: [[ChromeDriver: chrome on XP (e52f94fccb229c8ca1e95a3426e42f8d)] -> xpath: //*[@id='homepage']/div[5]/div[2]/div/div/div/span/div/div[6]/div/div/button]
Clicked on: [[ChromeDriver: chrome on XP (e52f94fccb229c8ca1e95a3426e42f8d)] -> xpath: //*[@id='homepage']/div[5]/div[2]/div/div/div/span/div/div[6]/div/div/button]
Trying to find Element By : By.xpath: //span[contains(text(),'Login')]
Found Element By : By.xpath: //span[contains(text(),'Login')]
Trying to click on: [[ChromeDriver: chrome on XP (e52f94fccb229c8ca1e95a3426e42f8d)] -> xpath: //span[contains(text(),'Login')]]
Clicked on: [[ChromeDriver: chrome on XP (e52f94fccb229c8ca1e95a3426e42f8d)] -> xpath: //span[contains(text(),'Login')]]
Trying to find Element By : By.id: user_email
Found Element By : By.id: user_email
Trying to find Element By : By.id: user_password
Found Element By : By.id: user_password
Trying to find Element By : By.xpath: //input[@type='submit']
Found Element By : By.xpath: //input[@type='submit']
Trying to click on: [[ChromeDriver: chrome on XP (e52f94fccb229c8ca1e95a3426e42f8d)] -> xpath: //input[@type='submit']]
Clicked on: [[ChromeDriver: chrome on XP (e52f94fccb229c8ca1e95a3426e42f8d)] -> xpath: //input[@type='submit']]
Trying to find Element By : By.xpath: //div[contains(text(),'Invalid'])
Exception occured: org.openqa.selenium.InvalidSelectorException: invalid selector: Unable to locate an element with the xpath expression //div[contains(text(),'Invalid']) because of the following error:
SyntaxError: Failed to execute 'evaluate' on 'Document': The string '//div[contains(text(),'Invalid'])' is not a valid XPath expression.
  (Session info: chrome=66.0.3359.139)
  (Driver info: chromedriver=2.36.540470 (e522d04694c7ebea4ba8821272dbef4f9b818c91),platform=Windows NT 6.2.9200 x86_64) (WARNING: The server did not provide any stacktrace information)
Command duration or timeout: 0 milliseconds
For documentation on this error, please visit: http://seleniumhq.org/exceptions/invalid_selector_exception.html
Build info: version: '3.12.0', revision: '7c6e0b3', time: '2018-05-08T14:04:26.12Z'
System info: host: 'MYDELLLAPTOP', ip: '192.168.43.83', os.name: 'Windows 8', os.arch: 'amd64', os.version: '6.2', java.version: '1.8.0_112'
Driver info: org.openqa.selenium.chrome.ChromeDriver
Capabilities {acceptInsecureCerts: false, acceptSslCerts: false, applicationCacheEnabled: false, browserConnectionEnabled: false, browserName: chrome, chrome: {chromedriverVersion: 2.36.540470 (e522d04694c7eb..., userDataDir: C:\Users\Nilesh\AppData\Loc...}, cssSelectorsEnabled: true, databaseEnabled: false, handlesAlerts: true, hasTouchScreen: false, javascriptEnabled: true, locationContextEnabled: true, mobileEmulationEnabled: false, nativeEvents: true, networkConnectionEnabled: false, pageLoadStrategy: normal, platform: XP, platformName: XP, rotatable: false, setWindowRect: true, takesHeapSnapshot: true, takesScreenshot: true, unexpectedAlertBehaviour: , unhandledPromptBehavior: , version: 66.0.3359.139, webStorageEnabled: true}
Session ID: e52f94fccb229c8ca1e95a3426e42f8d
*** Element info: {Using=xpath, value=//div[contains(text(),'Invalid'])}
]]></system-out>
    <system-err><![CDATA[Starting ChromeDriver 2.36.540470 (e522d04694c7ebea4ba8821272dbef4f9b818c91) on port 20644
Only local connections are allowed.
Jul 04, 2018 9:09:09 AM org.openqa.selenium.remote.ProtocolHandshake createSession
INFO: Detected dialect: OSS
]]></system-err>
  </testcase>
  <testcase name="InvalidLoginTest" classname="com.qaclickacademy.tests.LoginTest" time="19.622">
    <failure message="invalid selector: Unable to locate an element with the xpath expression //div[contains(text(),&apos;Invalid&apos;]) because of the following error:&#10;SyntaxError: Failed to execute &apos;evaluate&apos; on &apos;Document&apos;: The string &apos;//div[contains(text(),&apos;Invalid&apos;])&apos; is not a valid XPath expression.&#10;  (Session info: chrome=66.0.3359.139)&#10;  (Driver info: chromedriver=2.36.540470 (e522d04694c7ebea4ba8821272dbef4f9b818c91),platform=Windows NT 6.2.9200 x86_64) (WARNING: The server did not provide any stacktrace information)&#10;Command duration or timeout: 0 milliseconds&#10;For documentation on this error, please visit: http://seleniumhq.org/exceptions/invalid_selector_exception.html&#10;Build info: version: &apos;3.12.0&apos;, revision: &apos;7c6e0b3&apos;, time: &apos;2018-05-08T14:04:26.12Z&apos;&#10;System info: host: &apos;MYDELLLAPTOP&apos;, ip: &apos;192.168.43.83&apos;, os.name: &apos;Windows 8&apos;, os.arch: &apos;amd64&apos;, os.version: &apos;6.2&apos;, java.version: &apos;1.8.0_112&apos;&#10;Driver info: org.openqa.selenium.chrome.ChromeDriver&#10;Capabilities {acceptInsecureCerts: false, acceptSslCerts: false, applicationCacheEnabled: false, browserConnectionEnabled: false, browserName: chrome, chrome: {chromedriverVersion: 2.36.540470 (e522d04694c7eb..., userDataDir: C:\Users\Nilesh\AppData\Loc...}, cssSelectorsEnabled: true, databaseEnabled: false, handlesAlerts: true, hasTouchScreen: false, javascriptEnabled: true, locationContextEnabled: true, mobileEmulationEnabled: false, nativeEvents: true, networkConnectionEnabled: false, pageLoadStrategy: normal, platform: XP, platformName: XP, rotatable: false, setWindowRect: true, takesHeapSnapshot: true, takesScreenshot: true, unexpectedAlertBehaviour: , unhandledPromptBehavior: , version: 66.0.3359.139, webStorageEnabled: true}&#10;Session ID: 41bbc0e0085bbaa76bf44bc11efea800&#10;*** Element info: {Using=xpath, value=//div[contains(text(),&apos;Invalid&apos;])}" type="org.openqa.selenium.InvalidSelectorException">org.openqa.selenium.InvalidSelectorException: 
invalid selector: Unable to locate an element with the xpath expression //div[contains(text(),'Invalid']) because of the following error:
SyntaxError: Failed to execute 'evaluate' on 'Document': The string '//div[contains(text(),'Invalid'])' is not a valid XPath expression.
  (Session info: chrome=66.0.3359.139)
  (Driver info: chromedriver=2.36.540470 (e522d04694c7ebea4ba8821272dbef4f9b818c91),platform=Windows NT 6.2.9200 x86_64) (WARNING: The server did not provide any stacktrace information)
Command duration or timeout: 0 milliseconds
For documentation on this error, please visit: http://seleniumhq.org/exceptions/invalid_selector_exception.html
Build info: version: '3.12.0', revision: '7c6e0b3', time: '2018-05-08T14:04:26.12Z'
System info: host: 'MYDELLLAPTOP', ip: '192.168.43.83', os.name: 'Windows 8', os.arch: 'amd64', os.version: '6.2', java.version: '1.8.0_112'
Driver info: org.openqa.selenium.chrome.ChromeDriver
Capabilities {acceptInsecureCerts: false, acceptSslCerts: false, applicationCacheEnabled: false, browserConnectionEnabled: false, browserName: chrome, chrome: {chromedriverVersion: 2.36.540470 (e522d04694c7eb..., userDataDir: C:\Users\Nilesh\AppData\Loc...}, cssSelectorsEnabled: true, databaseEnabled: false, handlesAlerts: true, hasTouchScreen: false, javascriptEnabled: true, locationContextEnabled: true, mobileEmulationEnabled: false, nativeEvents: true, networkConnectionEnabled: false, pageLoadStrategy: normal, platform: XP, platformName: XP, rotatable: false, setWindowRect: true, takesHeapSnapshot: true, takesScreenshot: true, unexpectedAlertBehaviour: , unhandledPromptBehavior: , version: 66.0.3359.139, webStorageEnabled: true}
Session ID: 41bbc0e0085bbaa76bf44bc11efea800
*** Element info: {Using=xpath, value=//div[contains(text(),'Invalid'])}
	at com.qaclickacademy.tests.LoginTest.InvalidLoginTest(LoginTest.java:41)
</failure>
    <system-out><![CDATA[Before navigating to: 'http://www.qaclickacademy.com/'
Navigated to:'http://www.qaclickacademy.com/'
Trying to find Element By : By.xpath: //*[@id='homepage']/div[5]/div[2]/div/div/div/span/div/div[6]/div/div/button
Found Element By : By.xpath: //*[@id='homepage']/div[5]/div[2]/div/div/div/span/div/div[6]/div/div/button
Trying to click on: [[ChromeDriver: chrome on XP (41bbc0e0085bbaa76bf44bc11efea800)] -> xpath: //*[@id='homepage']/div[5]/div[2]/div/div/div/span/div/div[6]/div/div/button]
Clicked on: [[ChromeDriver: chrome on XP (41bbc0e0085bbaa76bf44bc11efea800)] -> xpath: //*[@id='homepage']/div[5]/div[2]/div/div/div/span/div/div[6]/div/div/button]
Trying to find Element By : By.xpath: //span[contains(text(),'Login')]
Found Element By : By.xpath: //span[contains(text(),'Login')]
Trying to click on: [[ChromeDriver: chrome on XP (41bbc0e0085bbaa76bf44bc11efea800)] -> xpath: //span[contains(text(),'Login')]]
Clicked on: [[ChromeDriver: chrome on XP (41bbc0e0085bbaa76bf44bc11efea800)] -> xpath: //span[contains(text(),'Login')]]
Trying to find Element By : By.id: user_email
Found Element By : By.id: user_email
Trying to find Element By : By.id: user_password
Found Element By : By.id: user_password
Trying to find Element By : By.xpath: //input[@type='submit']
Found Element By : By.xpath: //input[@type='submit']
Trying to click on: [[ChromeDriver: chrome on XP (41bbc0e0085bbaa76bf44bc11efea800)] -> xpath: //input[@type='submit']]
Clicked on: [[ChromeDriver: chrome on XP (41bbc0e0085bbaa76bf44bc11efea800)] -> xpath: //input[@type='submit']]
Trying to find Element By : By.xpath: //div[contains(text(),'Invalid'])
Exception occured: org.openqa.selenium.InvalidSelectorException: invalid selector: Unable to locate an element with the xpath expression //div[contains(text(),'Invalid']) because of the following error:
SyntaxError: Failed to execute 'evaluate' on 'Document': The string '//div[contains(text(),'Invalid'])' is not a valid XPath expression.
  (Session info: chrome=66.0.3359.139)
  (Driver info: chromedriver=2.36.540470 (e522d04694c7ebea4ba8821272dbef4f9b818c91),platform=Windows NT 6.2.9200 x86_64) (WARNING: The server did not provide any stacktrace information)
Command duration or timeout: 0 milliseconds
For documentation on this error, please visit: http://seleniumhq.org/exceptions/invalid_selector_exception.html
Build info: version: '3.12.0', revision: '7c6e0b3', time: '2018-05-08T14:04:26.12Z'
System info: host: 'MYDELLLAPTOP', ip: '192.168.43.83', os.name: 'Windows 8', os.arch: 'amd64', os.version: '6.2', java.version: '1.8.0_112'
Driver info: org.openqa.selenium.chrome.ChromeDriver
Capabilities {acceptInsecureCerts: false, acceptSslCerts: false, applicationCacheEnabled: false, browserConnectionEnabled: false, browserName: chrome, chrome: {chromedriverVersion: 2.36.540470 (e522d04694c7eb..., userDataDir: C:\Users\Nilesh\AppData\Loc...}, cssSelectorsEnabled: true, databaseEnabled: false, handlesAlerts: true, hasTouchScreen: false, javascriptEnabled: true, locationContextEnabled: true, mobileEmulationEnabled: false, nativeEvents: true, networkConnectionEnabled: false, pageLoadStrategy: normal, platform: XP, platformName: XP, rotatable: false, setWindowRect: true, takesHeapSnapshot: true, takesScreenshot: true, unexpectedAlertBehaviour: , unhandledPromptBehavior: , version: 66.0.3359.139, webStorageEnabled: true}
Session ID: 41bbc0e0085bbaa76bf44bc11efea800
*** Element info: {Using=xpath, value=//div[contains(text(),'Invalid'])}
]]></system-out>
    <system-err><![CDATA[Starting ChromeDriver 2.36.540470 (e522d04694c7ebea4ba8821272dbef4f9b818c91) on port 25119
Only local connections are allowed.
Jul 04, 2018 9:09:41 AM org.openqa.selenium.remote.ProtocolHandshake createSession
INFO: Detected dialect: OSS
]]></system-err>
  </testcase>
</testsuite>