<?xml version="1.0" encoding="UTF-8"?>
<testng-results skipped="0" failed="1" ignored="0" total="6" passed="5">
  <reporter-output>
  </reporter-output>
  <suite name="Default suite" duration-ms="306550" started-at="2018-06-26T02:12:12Z" finished-at="2018-06-26T02:17:18Z">
    <groups>
    </groups>
    <test name="Default test" duration-ms="306550" started-at="2018-06-26T02:12:12Z" finished-at="2018-06-26T02:17:18Z">
      <class name="com.qaclickacademy.tests.LoginTest">
        <test-method status="PASS" signature="setup()[pri:0, instance:com.qaclickacademy.tests.LoginTest@e45f292]" name="setup" is-config="true" duration-ms="54342" started-at="2018-06-26T02:12:12Z" finished-at="2018-06-26T02:13:06Z">
          <reporter-output>
          </reporter-output>
        </test-method> <!-- setup -->
        <test-method status="FAIL" signature="InvalidLoginTest()[pri:0, instance:com.qaclickacademy.tests.LoginTest@e45f292]" name="InvalidLoginTest" duration-ms="25716" started-at="2018-06-26T02:13:06Z" finished-at="2018-06-26T02:13:32Z">
          <exception class="org.openqa.selenium.InvalidSelectorException">
            <message>
              <![CDATA[invalid selector: Unable to locate an element with the xpath expression //div[contains(text(),'Invalid']) because of the following error:
SyntaxError: Failed to execute 'evaluate' on 'Document': The string '//div[contains(text(),'Invalid'])' is not a valid XPath expression.
  (Session info: chrome=66.0.3359.139)
  (Driver info: chromedriver=2.36.540470 (e522d04694c7ebea4ba8821272dbef4f9b818c91),platform=Windows NT 6.2.9200 x86_64) (WARNING: The server did not provide any stacktrace information)
Command duration or timeout: 0 milliseconds
For documentation on this error, please visit: http://seleniumhq.org/exceptions/invalid_selector_exception.html
Build info: version: '3.12.0', revision: '7c6e0b3', time: '2018-05-08T14:04:26.12Z'
System info: host: 'MYDELLLAPTOP', ip: '192.168.43.83', os.name: 'Windows 8', os.arch: 'amd64', os.version: '6.2', java.version: '1.8.0_112'
Driver info: org.openqa.selenium.chrome.ChromeDriver
Capabilities {acceptInsecureCerts: false, acceptSslCerts: false, applicationCacheEnabled: false, browserConnectionEnabled: false, browserName: chrome, chrome: {chromedriverVersion: 2.36.540470 (e522d04694c7eb..., userDataDir: C:\Users\Nilesh\AppData\Loc...}, cssSelectorsEnabled: true, databaseEnabled: false, handlesAlerts: true, hasTouchScreen: false, javascriptEnabled: true, locationContextEnabled: true, mobileEmulationEnabled: false, nativeEvents: true, networkConnectionEnabled: false, pageLoadStrategy: normal, platform: XP, platformName: XP, rotatable: false, setWindowRect: true, takesHeapSnapshot: true, takesScreenshot: true, unexpectedAlertBehaviour: , unhandledPromptBehavior: , version: 66.0.3359.139, webStorageEnabled: true}
Session ID: 6975aa6e3ca79f3c6df3a86b914b9e17
*** Element info: {Using=xpath, value=//div[contains(text(),'Invalid'])}]]>
            </message>
            <full-stacktrace>
              <![CDATA[org.openqa.selenium.InvalidSelectorException: invalid selector: Unable to locate an element with the xpath expression //div[contains(text(),'Invalid']) because of the following error:
SyntaxError: Failed to execute 'evaluate' on 'Document': The string '//div[contains(text(),'Invalid'])' is not a valid XPath expression.
  (Session info: chrome=66.0.3359.139)
  (Driver info: chromedriver=2.36.540470 (e522d04694c7ebea4ba8821272dbef4f9b818c91),platform=Windows NT 6.2.9200 x86_64) (WARNING: The server did not provide any stacktrace information)
Command duration or timeout: 0 milliseconds
For documentation on this error, please visit: http://seleniumhq.org/exceptions/invalid_selector_exception.html
Build info: version: '3.12.0', revision: '7c6e0b3', time: '2018-05-08T14:04:26.12Z'
System info: host: 'MYDELLLAPTOP', ip: '192.168.43.83', os.name: 'Windows 8', os.arch: 'amd64', os.version: '6.2', java.version: '1.8.0_112'
Driver info: org.openqa.selenium.chrome.ChromeDriver
Capabilities {acceptInsecureCerts: false, acceptSslCerts: false, applicationCacheEnabled: false, browserConnectionEnabled: false, browserName: chrome, chrome: {chromedriverVersion: 2.36.540470 (e522d04694c7eb..., userDataDir: C:\Users\Nilesh\AppData\Loc...}, cssSelectorsEnabled: true, databaseEnabled: false, handlesAlerts: true, hasTouchScreen: false, javascriptEnabled: true, locationContextEnabled: true, mobileEmulationEnabled: false, nativeEvents: true, networkConnectionEnabled: false, pageLoadStrategy: normal, platform: XP, platformName: XP, rotatable: false, setWindowRect: true, takesHeapSnapshot: true, takesScreenshot: true, unexpectedAlertBehaviour: , unhandledPromptBehavior: , version: 66.0.3359.139, webStorageEnabled: true}
Session ID: 6975aa6e3ca79f3c6df3a86b914b9e17
*** Element info: {Using=xpath, value=//div[contains(text(),'Invalid'])}
at sun.reflect.NativeConstructorAccessorImpl.newInstance0(Native Method)
at sun.reflect.NativeConstructorAccessorImpl.newInstance(NativeConstructorAccessorImpl.java:62)
at sun.reflect.DelegatingConstructorAccessorImpl.newInstance(DelegatingConstructorAccessorImpl.java:45)
at java.lang.reflect.Constructor.newInstance(Constructor.java:423)
at org.openqa.selenium.remote.ErrorHandler.createThrowable(ErrorHandler.java:214)
at org.openqa.selenium.remote.ErrorHandler.throwIfResponseFailed(ErrorHandler.java:166)
at org.openqa.selenium.remote.http.JsonHttpResponseCodec.reconstructValue(JsonHttpResponseCodec.java:40)
at org.openqa.selenium.remote.http.AbstractHttpResponseCodec.decode(AbstractHttpResponseCodec.java:80)
at org.openqa.selenium.remote.http.AbstractHttpResponseCodec.decode(AbstractHttpResponseCodec.java:44)
at org.openqa.selenium.remote.HttpCommandExecutor.execute(HttpCommandExecutor.java:158)
at org.openqa.selenium.remote.service.DriverCommandExecutor.execute(DriverCommandExecutor.java:83)
at org.openqa.selenium.remote.RemoteWebDriver.execute(RemoteWebDriver.java:543)
at org.openqa.selenium.remote.RemoteWebDriver.findElement(RemoteWebDriver.java:317)
at org.openqa.selenium.remote.RemoteWebDriver.findElementByXPath(RemoteWebDriver.java:419)
at org.openqa.selenium.By$ByXPath.findElement(By.java:353)
at org.openqa.selenium.remote.RemoteWebDriver.findElement(RemoteWebDriver.java:309)
at sun.reflect.NativeMethodAccessorImpl.invoke0(Native Method)
at sun.reflect.NativeMethodAccessorImpl.invoke(NativeMethodAccessorImpl.java:62)
at sun.reflect.DelegatingMethodAccessorImpl.invoke(DelegatingMethodAccessorImpl.java:43)
at java.lang.reflect.Method.invoke(Method.java:498)
at org.openqa.selenium.support.events.EventFiringWebDriver.lambda$new$1(EventFiringWebDriver.java:103)
at com.sun.proxy.$Proxy8.findElement(Unknown Source)
at org.openqa.selenium.support.events.EventFiringWebDriver.findElement(EventFiringWebDriver.java:186)
at org.openqa.selenium.support.pagefactory.DefaultElementLocator.findElement(DefaultElementLocator.java:69)
at org.openqa.selenium.support.pagefactory.internal.LocatingElementHandler.invoke(LocatingElementHandler.java:38)
at com.sun.proxy.$Proxy12.isDisplayed(Unknown Source)
at com.qaclickacademy.pages.Loginpage.invalidLoginMessage(Loginpage.java:54)
at com.qaclickacademy.tests.LoginTest.InvalidLoginTest(LoginTest.java:38)
at sun.reflect.NativeMethodAccessorImpl.invoke0(Native Method)
at sun.reflect.NativeMethodAccessorImpl.invoke(NativeMethodAccessorImpl.java:62)
at sun.reflect.DelegatingMethodAccessorImpl.invoke(DelegatingMethodAccessorImpl.java:43)
at java.lang.reflect.Method.invoke(Method.java:498)
at org.testng.internal.MethodInvocationHelper.invokeMethod(MethodInvocationHelper.java:124)
at org.testng.internal.Invoker.invokeMethod(Invoker.java:583)
at org.testng.internal.Invoker.invokeTestMethod(Invoker.java:719)
at org.testng.internal.Invoker.invokeTestMethods(Invoker.java:989)
at org.testng.internal.TestMethodWorker.invokeTestMethods(TestMethodWorker.java:125)
at org.testng.internal.TestMethodWorker.run(TestMethodWorker.java:109)
at org.testng.TestRunner.privateRun(TestRunner.java:648)
at org.testng.TestRunner.run(TestRunner.java:505)
at org.testng.SuiteRunner.runTest(SuiteRunner.java:455)
at org.testng.SuiteRunner.runSequentially(SuiteRunner.java:450)
at org.testng.SuiteRunner.privateRun(SuiteRunner.java:415)
at org.testng.SuiteRunner.run(SuiteRunner.java:364)
at org.testng.SuiteRunnerWorker.runSuite(SuiteRunnerWorker.java:52)
at org.testng.SuiteRunnerWorker.run(SuiteRunnerWorker.java:84)
at org.testng.TestNG.runSuitesSequentially(TestNG.java:1208)
at org.testng.TestNG.runSuitesLocally(TestNG.java:1137)
at org.testng.TestNG.runSuites(TestNG.java:1049)
at org.testng.TestNG.run(TestNG.java:1017)
at org.testng.remote.AbstractRemoteTestNG.run(AbstractRemoteTestNG.java:114)
at org.testng.remote.RemoteTestNG.initAndRun(RemoteTestNG.java:251)
at org.testng.remote.RemoteTestNG.main(RemoteTestNG.java:77)
]]>
            </full-stacktrace>
          </exception> <!-- org.openqa.selenium.InvalidSelectorException -->
          <reporter-output>
          </reporter-output>
        </test-method> <!-- InvalidLoginTest -->
        <test-method status="PASS" signature="terDown()[pri:0, instance:com.qaclickacademy.tests.LoginTest@e45f292]" name="terDown" is-config="true" duration-ms="948" started-at="2018-06-26T02:13:32Z" finished-at="2018-06-26T02:13:33Z">
          <reporter-output>
          </reporter-output>
        </test-method> <!-- terDown -->
      </class> <!-- com.qaclickacademy.tests.LoginTest -->
      <class name="com.qaclickacademy.tests.HomeTest">
        <test-method status="PASS" signature="setup()[pri:0, instance:com.qaclickacademy.tests.HomeTest@5f2108b5]" name="setup" is-config="true" duration-ms="26119" started-at="2018-06-26T02:16:14Z" finished-at="2018-06-26T02:16:40Z">
          <reporter-output>
          </reporter-output>
        </test-method> <!-- setup -->
        <test-method status="PASS" signature="clickLoginbtnTest()[pri:1, instance:com.qaclickacademy.tests.HomeTest@5f2108b5]" name="clickLoginbtnTest" duration-ms="8712" started-at="2018-06-26T02:16:40Z" finished-at="2018-06-26T02:16:49Z">
          <reporter-output>
          </reporter-output>
        </test-method> <!-- clickLoginbtnTest -->
        <test-method status="PASS" signature="teardown()[pri:0, instance:com.qaclickacademy.tests.HomeTest@5f2108b5]" name="teardown" is-config="true" duration-ms="900" started-at="2018-06-26T02:16:49Z" finished-at="2018-06-26T02:16:50Z">
          <reporter-output>
          </reporter-output>
        </test-method> <!-- teardown -->
        <test-method status="PASS" signature="setup()[pri:0, instance:com.qaclickacademy.tests.HomeTest@5f2108b5]" name="setup" is-config="true" duration-ms="23599" started-at="2018-06-26T02:16:50Z" finished-at="2018-06-26T02:17:13Z">
          <reporter-output>
          </reporter-output>
        </test-method> <!-- setup -->
        <test-method status="PASS" signature="clickPracticeLinkTest()[pri:2, instance:com.qaclickacademy.tests.HomeTest@5f2108b5]" name="clickPracticeLinkTest" duration-ms="4305" started-at="2018-06-26T02:17:13Z" finished-at="2018-06-26T02:17:18Z">
          <reporter-output>
          </reporter-output>
        </test-method> <!-- clickPracticeLinkTest -->
        <test-method status="PASS" signature="teardown()[pri:0, instance:com.qaclickacademy.tests.HomeTest@5f2108b5]" name="teardown" is-config="true" duration-ms="912" started-at="2018-06-26T02:17:18Z" finished-at="2018-06-26T02:17:18Z">
          <reporter-output>
          </reporter-output>
        </test-method> <!-- teardown -->
      </class> <!-- com.qaclickacademy.tests.HomeTest -->
      <class name="com.qaclickacademy.tests.PracticeTest">
        <test-method status="PASS" signature="setup()[pri:0, instance:com.qaclickacademy.tests.PracticeTest@31a5c39e]" name="setup" is-config="true" duration-ms="57899" started-at="2018-06-26T02:13:34Z" finished-at="2018-06-26T02:14:32Z">
          <reporter-output>
          </reporter-output>
        </test-method> <!-- setup -->
        <test-method status="PASS" signature="enterinfoTest(java.lang.String, java.lang.String, java.lang.String)[pri:0, instance:com.qaclickacademy.tests.PracticeTest@31a5c39e]" name="enterinfoTest" duration-ms="516" started-at="2018-06-26T02:14:32Z" data-provider="setTestData" finished-at="2018-06-26T02:14:32Z">
          <params>
            <param index="0">
              <value>
                <![CDATA[India]]>
              </value>
            </param>
            <param index="1">
              <value>
                <![CDATA[Sundar]]>
              </value>
            </param>
            <param index="2">
              <value>
                <![CDATA[show]]>
              </value>
            </param>
          </params>
          <reporter-output>
          </reporter-output>
        </test-method> <!-- enterinfoTest -->
        <test-method status="PASS" signature="tearDown()[pri:0, instance:com.qaclickacademy.tests.PracticeTest@31a5c39e]" name="tearDown" is-config="true" duration-ms="866" started-at="2018-06-26T02:14:32Z" finished-at="2018-06-26T02:14:33Z">
          <reporter-output>
          </reporter-output>
        </test-method> <!-- tearDown -->
        <test-method status="PASS" signature="setup()[pri:0, instance:com.qaclickacademy.tests.PracticeTest@31a5c39e]" name="setup" is-config="true" duration-ms="54518" started-at="2018-06-26T02:14:33Z" finished-at="2018-06-26T02:15:28Z">
          <reporter-output>
          </reporter-output>
        </test-method> <!-- setup -->
        <test-method status="PASS" signature="enterinfoTest(java.lang.String, java.lang.String, java.lang.String)[pri:0, instance:com.qaclickacademy.tests.PracticeTest@31a5c39e]" name="enterinfoTest" duration-ms="593" started-at="2018-06-26T02:15:28Z" data-provider="setTestData" finished-at="2018-06-26T02:15:28Z">
          <params>
            <param index="0">
              <value>
                <![CDATA[US]]>
              </value>
            </param>
            <param index="1">
              <value>
                <![CDATA[Ron]]>
              </value>
            </param>
            <param index="2">
              <value>
                <![CDATA[hide]]>
              </value>
            </param>
          </params>
          <reporter-output>
          </reporter-output>
        </test-method> <!-- enterinfoTest -->
        <test-method status="PASS" signature="tearDown()[pri:0, instance:com.qaclickacademy.tests.PracticeTest@31a5c39e]" name="tearDown" is-config="true" duration-ms="1033" started-at="2018-06-26T02:15:28Z" finished-at="2018-06-26T02:15:29Z">
          <reporter-output>
          </reporter-output>
        </test-method> <!-- tearDown -->
        <test-method status="PASS" signature="setup()[pri:0, instance:com.qaclickacademy.tests.PracticeTest@31a5c39e]" name="setup" is-config="true" duration-ms="43050" started-at="2018-06-26T02:15:29Z" finished-at="2018-06-26T02:16:12Z">
          <reporter-output>
          </reporter-output>
        </test-method> <!-- setup -->
        <test-method status="PASS" signature="enterinfoTest(java.lang.String, java.lang.String, java.lang.String)[pri:0, instance:com.qaclickacademy.tests.PracticeTest@31a5c39e]" name="enterinfoTest" duration-ms="618" started-at="2018-06-26T02:16:12Z" data-provider="setTestData" finished-at="2018-06-26T02:16:13Z">
          <params>
            <param index="0">
              <value>
                <![CDATA[Switzerland]]>
              </value>
            </param>
            <param index="1">
              <value>
                <![CDATA[ramsy]]>
              </value>
            </param>
            <param index="2">
              <value>
                <![CDATA[show]]>
              </value>
            </param>
          </params>
          <reporter-output>
          </reporter-output>
        </test-method> <!-- enterinfoTest -->
        <test-method status="PASS" signature="tearDown()[pri:0, instance:com.qaclickacademy.tests.PracticeTest@31a5c39e]" name="tearDown" is-config="true" duration-ms="846" started-at="2018-06-26T02:16:13Z" finished-at="2018-06-26T02:16:14Z">
          <reporter-output>
          </reporter-output>
        </test-method> <!-- tearDown -->
      </class> <!-- com.qaclickacademy.tests.PracticeTest -->
    </test> <!-- Default test -->
  </suite> <!-- Default suite -->
</testng-results>
